time="2023-05-08T00:52:02+08:00" level=error msg="请求错误" caller="runnner/taskrunner_test.go:52"
time="2023-05-08T00:52:31+08:00" level=error msg="请求错误" caller="runnner/taskrunner_test.go:53"
time="2023-05-08T00:56:02+08:00" level=error msg="请求错误" caller="runnner/taskrunner_test.go:53"
time="2023-05-08T00:56:15+08:00" level=error msg="result must be a pointer" caller="runnner/taskrunner_test.go:53"
time="2023-05-08T00:56:35+08:00" level=error msg="result must be a pointer" caller="runnner/taskrunner_test.go:53"
time="2023-05-08T00:56:55+08:00" level=error msg="result must be a pointer" caller="runnner/taskrunner_test.go:53"
time="2023-05-08T00:57:03+08:00" level=info msg="今日观看视频任务已完成 ✔" caller="runnner/taskrunner.go:60"
time="2023-05-08T01:00:38+08:00" level=info msg="今日观看视频任务已完成 ✔" caller="runnner/taskrunner.go:60"
time="2023-05-08T01:00:38+08:00" level=info msg="今日分享视频任务已完成 ✔" caller="runnner/taskrunner.go:72"
time="2023-05-08T01:21:30+08:00" level=error msg="get user details failed" caller="runnner/taskrunner_test.go:45" uid=287969457
time="2023-05-08T01:24:12+08:00" level=error msg="get user details failed" caller="runnner/taskrunner_test.go:45" uid=287969457
time="2023-05-08T01:25:26+08:00" level=error msg="get user details failed" caller="runnner/taskrunner_test.go:45" uid=287969457
time="2023-05-08T01:25:37+08:00" level=info msg="今日观看视频任务已完成 ✔" caller="runnner/taskrunner.go:68"
time="2023-05-08T01:25:37+08:00" level=info msg="今日分享视频任务已完成 ✔" caller="runnner/taskrunner.go:75"
time="2023-05-08T01:26:32+08:00" level=info msg="今日观看视频任务已完成 ✔" caller="runnner/taskrunner.go:68" dedeuserid=287969457
time="2023-05-08T01:26:32+08:00" level=info msg="今日分享视频任务已完成 ✔" caller="runnner/taskrunner.go:80"
time="2023-05-08T02:13:03+08:00" level=info msg="未知错误 ❌" caller="runnner/taskrunner.go:101" dedeuserid=287969457
time="2023-05-08T02:13:32+08:00" level=info msg="未知错误 ❌" caller="runnner/taskrunner.go:101" dedeuserid=287969457
time="2023-05-08T02:13:44+08:00" level=info msg="本月已领取大会员权益 ✔" caller="runnner/taskrunner.go:99" dedeuserid=287969457
time="2023-05-08T23:58:19+08:00" level=info msg="本月已领取大会员权益 ✔" caller="runnner/taskrunner.go:100" dedeuserid=287969457
time="2023-05-09T00:10:43+08:00" level=info msg="配置投币数为: 5.00" caller="runnner/taskrunner.go:108" dedeuserid=287969457
time="2023-05-09T00:10:43+08:00" level=info msg="当前等级为6级，取消执行投币任务 ❌" caller="runnner/taskrunner.go:112" dedeuserid=287969457
time="2023-05-09T00:11:59+08:00" level=info msg="配置投币数为: 5.00" caller="runnner/taskrunner.go:108" dedeuserid=287969457
time="2023-05-09T00:11:59+08:00" level=info msg="当前等级为6级，取消执行投币任务 ❌" caller="runnner/taskrunner.go:112" dedeuserid=287969457
time="2023-05-09T00:19:33+08:00" level=info msg="配置投币数为: 5.00" caller="runnner/taskrunner.go:108" dedeuserid=287969457
time="2023-05-09T00:19:33+08:00" level=info msg="投币成功 ✔" caller="runnner/taskrunner.go:148" dedeuserid=287969457
time="2023-05-09T00:19:34+08:00" level=info msg="投币成功 ✔" caller="runnner/taskrunner.go:148" dedeuserid=287969457
time="2023-05-09T00:19:34+08:00" level=info msg="投币成功 ✔" caller="runnner/taskrunner.go:148" dedeuserid=287969457
time="2023-05-09T00:19:34+08:00" level=info msg="投币成功 ✔" caller="runnner/taskrunner.go:148" dedeuserid=287969457
time="2023-05-09T00:19:35+08:00" level=info msg="投币成功 ✔" caller="runnner/taskrunner.go:148" dedeuserid=287969457
time="2023-05-09T00:21:03+08:00" level=info msg="配置投币数为: 5.00" caller="runnner/taskrunner.go:108" dedeuserid=287969457
time="2023-05-09T00:21:03+08:00" level=info msg="今日投币任务已完成 ✔" caller="runnner/taskrunner.go:126" dedeuserid=287969457
time="2023-05-09T00:22:05+08:00" level=info msg="配置投币数为: 5.00" caller="runnner/taskrunner.go:108" dedeuserid=287969457
time="2023-05-09T00:22:05+08:00" level=info msg="今日投币任务已完成 ✔" caller="runnner/taskrunner.go:126" dedeuserid=287969457
time="2023-05-09T00:22:17+08:00" level=info msg="配置投币数为: 5.00" caller="runnner/taskrunner.go:108" dedeuserid=287969457
time="2023-05-09T00:22:17+08:00" level=info msg="今日投币任务已完成 ✔" caller="runnner/taskrunner.go:126" dedeuserid=287969457
time="2023-05-09T00:24:54+08:00" level=info msg="配置投币数为: 5.00" caller="runnner/taskrunner.go:108" dedeuserid=287969457
time="2023-05-09T00:24:54+08:00" level=info msg="今日投币任务已完成 ✔" caller="runnner/taskrunner.go:126" dedeuserid=287969457
time="2023-05-09T00:25:01+08:00" level=info msg="最近一周共产生16条变更日志" caller="runnner/taskrunner.go:33"
time="2023-05-09T00:25:01+08:00" level=info msg="最近一周共产生8.5个硬币" caller="runnner/taskrunner.go:46"
time="2023-05-09T00:25:01+08:00" level=info msg="最近一周共消耗-5个硬币" caller="runnner/taskrunner.go:47"
time="2023-05-09T00:25:02+08:00" level=info msg="今日观看视频任务已完成 ✔" bvid=BV1HP411179h caller="runnner/taskrunner.go:66" dedeuserid=287969457 ptime=54 title="是谁的DNA动了! 极 乐 净 土❤️竖屏【咬人猫】"
time="2023-05-09T00:25:02+08:00" level=info msg="今日分享视频任务已完成 ✔{dedeuserid 287969457} {bvid BV1HP411179h} {title 是谁的DNA动了! 极 乐 净 土❤️竖屏【咬人猫】}" caller="runnner/taskrunner.go:78"
time="2023-05-09T00:25:02+08:00" level=info msg="领取大会员权益成功 ✔" caller="runnner/taskrunner.go:98" dedeuserid=287969457
time="2023-05-09T00:25:02+08:00" level=info msg="配置投币数为: 5.00" caller="runnner/taskrunner.go:108" dedeuserid=287969457
time="2023-05-09T00:25:02+08:00" level=info msg="今日投币任务已完成 ✔" caller="runnner/taskrunner.go:126" dedeuserid=287969457
time="2023-05-09T00:25:34+08:00" level=info msg="配置投币数为: 5.00" caller="runnner/taskrunner.go:108" dedeuserid=287969457
time="2023-05-09T00:25:34+08:00" level=info msg="今日投币任务已完成 ✔" caller="runnner/taskrunner.go:126" dedeuserid=287969457
time="2023-05-09T00:26:36+08:00" level=info msg="配置投币数为: 5.00" caller="runnner/taskrunner.go:108" dedeuserid=287969457
time="2023-05-09T00:26:36+08:00" level=info msg="今日投币任务已完成 ✔" caller="runnner/taskrunner.go:126" dedeuserid=287969457
time="2023-05-09T00:27:48+08:00" level=info msg="配置投币数为: 5.00" caller="runnner/taskrunner.go:108" dedeuserid=287969457
time="2023-05-09T00:27:48+08:00" level=info msg="今日投币任务已完成 ✔" caller="runnner/taskrunner.go:126" dedeuserid=287969457
time="2023-05-09T00:33:55+08:00" level=info msg="最近一周共产生16条变更日志" caller="runnner/taskrunner.go:33"
time="2023-05-09T00:33:55+08:00" level=info msg="最近一周共产生8.5个硬币" caller="runnner/taskrunner.go:46"
time="2023-05-09T00:33:55+08:00" level=info msg="最近一周共消耗-5个硬币" caller="runnner/taskrunner.go:47"
time="2023-05-09T00:33:55+08:00" level=info msg="今日观看视频任务已完成 ✔" bvid=BV1Cc411N7VK caller="runnner/taskrunner.go:66" dedeuserid=287969457 ptime=56 title="Flower，但是技术流，手直接打结了"
time="2023-05-09T00:33:56+08:00" level=info msg="今日分享视频任务已完成 ✔{dedeuserid 287969457} {bvid BV1Cc411N7VK} {title Flower，但是技术流，手直接打结了}" caller="runnner/taskrunner.go:78"
time="2023-05-09T00:33:56+08:00" level=info msg="本月已领取大会员权益 ✔" caller="runnner/taskrunner.go:100" dedeuserid=287969457
time="2023-05-09T00:33:56+08:00" level=info msg="配置投币数为: 5.00" caller="runnner/taskrunner.go:108" dedeuserid=287969457
time="2023-05-09T00:33:56+08:00" level=info msg="今日投币任务已完成 ✔" caller="runnner/taskrunner.go:126" dedeuserid=287969457
time="2023-05-09T00:34:45+08:00" level=info msg="配置投币数为: 5.00" caller="runnner/taskrunner.go:108" dedeuserid=287969457
time="2023-05-09T00:34:46+08:00" level=info msg="今日投币任务已完成 ✔" caller="runnner/taskrunner.go:126" dedeuserid=287969457
time="2023-05-09T00:35:35+08:00" level=info msg="最近一周共产生16条变更日志" caller="runnner/taskrunner.go:33"
time="2023-05-09T00:35:35+08:00" level=info msg="最近一周共产生8.5个硬币" caller="runnner/taskrunner.go:46"
time="2023-05-09T00:35:35+08:00" level=info msg="最近一周共消耗-5个硬币" caller="runnner/taskrunner.go:47"
time="2023-05-09T00:35:35+08:00" level=info msg="今日观看视频任务已完成 ✔" bvid=BV1HP411179h caller="runnner/taskrunner.go:66" dedeuserid=287969457 ptime=39 title="是谁的DNA动了! 极 乐 净 土❤️竖屏【咬人猫】"
time="2023-05-09T00:35:35+08:00" level=error msg="今日分享视频任务失败 ❌{dedeuserid 287969457}" caller="runnner/taskrunner.go:80"
time="2023-05-09T00:35:35+08:00" level=info msg="本月已领取大会员权益 ✔" caller="runnner/taskrunner.go:100" dedeuserid=287969457
time="2023-05-09T00:35:35+08:00" level=info msg="配置投币数为: 5.00" caller="runnner/taskrunner.go:108" dedeuserid=287969457
time="2023-05-09T00:35:35+08:00" level=info msg="今日投币任务已完成 ✔" caller="runnner/taskrunner.go:126" dedeuserid=287969457
time="2023-05-09T00:36:20+08:00" level=info msg="配置投币数为: 5.00" caller="runnner/taskrunner.go:108" dedeuserid=287969457
time="2023-05-09T00:36:20+08:00" level=info msg="今日投币任务已完成 ✔" caller="runnner/taskrunner.go:126" dedeuserid=287969457
time="2023-05-09T00:39:28+08:00" level=info msg="配置投币数为: 5.00" caller="runnner/taskrunner.go:108" dedeuserid=287969457
time="2023-05-09T00:40:11+08:00" level=info msg="配置投币数为: 5.00" caller="runnner/taskrunner.go:108" dedeuserid=287969457
time="2023-05-09T00:40:12+08:00" level=info msg="为视频[【浪姐4】为了美依礼芽，我变成社牛模样……]投币成功 ✔" caller="runnner/taskrunner.go:150" dedeuserid=287969457
time="2023-05-09T00:40:12+08:00" level=info msg="为视频[【本人来跳】提供CALL音源的阿宅们跳了推子OP《アイドル/偶像》]投币成功 ✔" caller="runnner/taskrunner.go:150" dedeuserid=287969457
time="2023-05-09T00:46:05+08:00" level=info msg="配置投币数为: 5.00" caller="runnner/taskrunner.go:108" dedeuserid=287969457
time="2023-05-09T00:46:05+08:00" level=info msg="当前等级为6级，取消执行投币任务 ❌" caller="runnner/taskrunner.go:113" dedeuserid=287969457
time="2023-05-09T00:47:18+08:00" level=error msg="银瓜子余额不足 ❌" caller="runnner/taskrunner.go:175" dedeuserid=287969457
time="2023-05-09T00:52:23+08:00" level=error msg="银瓜子余额不足 ❌" caller="runnner/taskrunner.go:175" dedeuserid=287969457
time="2023-05-09T00:53:16+08:00" level=error msg="兑换失败 ❌: 银瓜子余额不足" caller="runnner/taskrunner.go:181" dedeuserid=287969457
time="2023-05-09T00:56:31+08:00" level=info msg="直播签到成功，本次获得3000点用户经验,2根辣条，再签到11天可以获得50根辣条 ✔️️" caller="runnner/taskrunner.go:194" dedeuserid=287969457
time="2023-05-09T01:04:51+08:00" level=error msg="送礼失败 ❌" caller="runnner/taskrunner.go:233" dedeuserid=287969457
time="2023-05-09T01:04:51+08:00" level=error msg="送礼失败 ❌" caller="runnner/taskrunner.go:233" dedeuserid=287969457
time="2023-05-09T01:06:18+08:00" level=info msg="送礼成功 ✔️" caller="runnner/taskrunner.go:231" dedeuserid=287969457
time="2023-05-09T01:06:18+08:00" level=info msg="送礼成功 ✔️" caller="runnner/taskrunner.go:231" dedeuserid=287969457
time="2023-05-09T01:06:32+08:00" level=info msg="送礼成功 ✔️" caller="runnner/taskrunner.go:231" dedeuserid=287969457
time="2023-05-09T01:06:32+08:00" level=info msg="送礼成功 ✔️" caller="runnner/taskrunner.go:231" dedeuserid=287969457
time="2023-05-09T01:06:38+08:00" level=info msg="送礼成功 ✔️" caller="runnner/taskrunner.go:231" dedeuserid=287969457
time="2023-05-09T01:06:38+08:00" level=info msg="送礼成功 ✔️" caller="runnner/taskrunner.go:231" dedeuserid=287969457
time="2023-05-09T01:07:22+08:00" level=info msg="送礼成功 ✔️" caller="runnner/taskrunner.go:231" dedeuserid=287969457
time="2023-05-09T01:07:23+08:00" level=info msg="送礼成功 ✔️" caller="runnner/taskrunner.go:231" dedeuserid=287969457
time="2023-05-09T01:07:40+08:00" level=info msg="送礼成功 ✔️" caller="runnner/taskrunner.go:231" dedeuserid=287969457
time="2023-05-09T01:07:40+08:00" level=info msg="送礼成功 ✔️" caller="runnner/taskrunner.go:231" dedeuserid=287969457
time="2023-05-09T01:08:13+08:00" level=error msg="送礼失败 ❌" caller="runnner/taskrunner.go:233" dedeuserid=287969457
time="2023-05-09T01:08:13+08:00" level=error msg="送礼失败 ❌" caller="runnner/taskrunner.go:233" dedeuserid=287969457
time="2023-05-09T01:08:30+08:00" level=error msg="送礼失败 ❌" caller="runnner/taskrunner.go:233" dedeuserid=287969457
time="2023-05-09T01:08:30+08:00" level=error msg="送礼失败 ❌" caller="runnner/taskrunner.go:233" dedeuserid=287969457
time="2023-05-09T01:09:10+08:00" level=error msg="赠送礼物失败 ❌，failed to donate gift: 系统错误,房间数据异常哦～" caller="runnner/taskrunner.go:233" dedeuserid=287969457
time="2023-05-09T01:09:10+08:00" level=error msg="赠送礼物失败 ❌，failed to donate gift: 系统错误,房间数据异常哦～" caller="runnner/taskrunner.go:233" dedeuserid=287969457
time="2023-05-09T01:09:39+08:00" level=error msg="赠送礼物失败 ❌，系统错误,房间数据异常哦～" caller="runnner/taskrunner.go:233" dedeuserid=287969457
time="2023-05-09T01:09:39+08:00" level=error msg="赠送礼物失败 ❌，系统错误,房间数据异常哦～" caller="runnner/taskrunner.go:233" dedeuserid=287969457
time="2023-05-09T01:10:16+08:00" level=error msg="赠送礼物失败 ❌:系统错误,房间数据异常哦～" caller="runnner/taskrunner.go:233" dedeuserid=287969457
time="2023-05-09T01:10:16+08:00" level=error msg="赠送礼物失败 ❌:系统错误,房间数据异常哦～" caller="runnner/taskrunner.go:233" dedeuserid=287969457
time="2023-05-09T01:12:05+08:00" level=error msg="赠送礼物失败 ❌:系统错误,房间数据异常哦～" caller="runnner/taskrunner.go:233" dedeuserid=287969457
time="2023-05-09T01:12:08+08:00" level=error msg="赠送礼物失败 ❌:系统错误,房间数据异常哦～" caller="runnner/taskrunner.go:233" dedeuserid=287969457
time="2023-05-09T01:12:36+08:00" level=error msg="赠送礼物失败 ❌:系统错误,房间数据异常哦～" caller="runnner/taskrunner.go:233" dedeuserid=287969457
time="2023-05-09T01:12:36+08:00" level=error msg="赠送礼物失败 ❌:系统错误,房间数据异常哦～" caller="runnner/taskrunner.go:233" dedeuserid=287969457
time="2023-05-09T01:15:15+08:00" level=error msg="get user details failed" caller="runnner/taskrunner_test.go:45" uid=287969457
time="2023-05-09T01:15:36+08:00" level=error msg="get user details failed" caller="runnner/taskrunner_test.go:45" uid=287969457
time="2023-05-09T01:16:06+08:00" level=error msg="get user details failed" caller="runnner/taskrunner_test.go:45" uid=287969457
time="2023-05-09T01:17:20+08:00" level=error msg="get user details failed" caller="runnner/taskrunner_test.go:45" uid=287969457
time="2023-05-09T01:18:04+08:00" level=error msg="get user details failed" caller="runnner/taskrunner_test.go:45" uid=287969457
time="2023-05-09T01:18:46+08:00" level=error msg="赠送礼物失败 ❌:系统错误,房间数据异常哦～" caller="runnner/taskrunner.go:233" dedeuserid=287969457
time="2023-05-09T01:18:46+08:00" level=error msg="赠送礼物失败 ❌:系统错误,房间数据异常哦～" caller="runnner/taskrunner.go:233" dedeuserid=287969457
time="2023-05-09T01:21:00+08:00" level=info msg="赠送礼物成功 ✔️" caller="runnner/taskrunner.go:231" dedeuserid=287969457
time="2023-05-09T01:21:01+08:00" level=info msg="赠送礼物成功 ✔️" caller="runnner/taskrunner.go:231" dedeuserid=287969457
time="2023-05-09T01:31:48+08:00" level=error msg="充电失败 ❌: 2 error(s) decoding:\n\n* 'bp_num' expected type 'int', got unconvertible type 'string', value: '5'\n* 'exp' expected type 'string', got unconvertible type 'float64', value: '5'" caller="runnner/taskrunner.go:270" dedeuserid=287969457
time="2023-05-09T01:32:58+08:00" level=info msg="B币券余额不足，取消执行任务 ❌" caller="runnner/taskrunner.go:260" dedeuserid=287969457
time="2023-05-09T01:35:47+08:00" level=info msg="B币券余额不足，取消执行任务 ❌" caller="runnner/taskrunner.go:260" dedeuserid=287969457
time="2023-05-09T01:36:20+08:00" level=info msg="B币券余额不足，取消执行任务 ❌" caller="runnner/taskrunner.go:260" dedeuserid=287969457
time="2023-05-09T01:44:08+08:00" level=info msg="B币券余额不足，取消执行任务 ❌" caller="runnner/taskrunner.go:260" dedeuserid=287969457
time="2023-05-09T01:44:27+08:00" level=info msg="B币券余额不足，取消执行任务 ❌" caller="runnner/taskrunner.go:260" dedeuserid=287969457
time="2023-05-09T01:44:34+08:00" level=info msg="B币券余额不足，取消执行任务 ❌" caller="runnner/taskrunner.go:260" dedeuserid=287969457
time="2023-05-09T01:44:36+08:00" level=info msg="B币券余额不足，取消执行任务 ❌" caller="runnner/taskrunner.go:260" dedeuserid=287969457
time="2023-05-09T01:44:49+08:00" level=info msg="B币券余额不足，取消执行任务 ❌" caller="runnner/taskrunner.go:260" dedeuserid=287969457
time="2023-05-09T01:45:05+08:00" level=info msg="B币券余额不足，取消执行任务 ❌" caller="runnner/taskrunner.go:260" dedeuserid=287969457
time="2023-05-09T01:45:24+08:00" level=info msg="B币券余额不足，取消执行任务 ❌" caller="runnner/taskrunner.go:260" dedeuserid=287969457
time="2023-05-09T01:45:40+08:00" level=info msg="B币券余额不足，取消执行任务 ❌" caller="runnner/taskrunner.go:260" dedeuserid=287969457
time="2023-05-09T01:45:53+08:00" level=info msg="B币券余额不足，取消执行任务 ❌" caller="runnner/taskrunner.go:260" dedeuserid=287969457
time="2023-05-09T01:46:43+08:00" level=error msg="充电失败 ❌: '' expected a map, got 'string'" caller="runnner/taskrunner.go:271" dedeuserid=287969457
time="2023-05-09T02:00:16+08:00" level=info msg="充电成功，本次消费0个B币券 ✔️️" caller="runnner/taskrunner.go:275" dedeuserid=287969457
time="2023-05-09T02:02:54+08:00" level=info msg="充电成功，本次消费0个B币券 ✔️️" caller="runnner/taskrunner.go:275" dedeuserid=287969457
